# Logfile created on 2014-02-14 10:40:04 +0000 by logger.rb/31641
I, [2014-02-14T10:40:04.652163 #17885]  INFO -- : 0:  addressable (2.3.5) from /Users/meganfolsom/.rvm/gems/ruby-2.1.0/specifications/addressable-2.3.5.gemspec
I, [2014-02-14T10:40:07.995726 #17885]  INFO -- : 0:  bcrypt-ruby (3.1.2) from /Users/meganfolsom/.rvm/gems/ruby-2.1.0/specifications/bcrypt-ruby-3.1.2.gemspec
I, [2014-02-14T10:40:07.996169 #17885]  INFO -- : 0:  builder (3.2.2) from /Users/meganfolsom/.rvm/gems/ruby-2.1.0/specifications/builder-3.2.2.gemspec
I, [2014-02-14T10:40:07.996482 #17885]  INFO -- : 0:  mime-types (2.1) from /Users/meganfolsom/.rvm/gems/ruby-2.1.0/specifications/mime-types-2.1.gemspec
I, [2014-02-14T10:40:07.996775 #17885]  INFO -- : 0:  mini_portile (0.5.2) from /Users/meganfolsom/.rvm/gems/ruby-2.1.0/specifications/mini_portile-0.5.2.gemspec
I, [2014-02-14T10:40:07.997078 #17885]  INFO -- : 0:  nokogiri (1.6.1) from /Users/meganfolsom/.rvm/gems/ruby-2.1.0/specifications/nokogiri-1.6.1.gemspec
I, [2014-02-14T10:40:07.997354 #17885]  INFO -- : 0:  rack (1.5.2) from /Users/meganfolsom/.rvm/gems/ruby-2.1.0/specifications/rack-1.5.2.gemspec
I, [2014-02-14T10:40:07.997653 #17885]  INFO -- : 0:  rack-test (0.6.2) from /Users/meganfolsom/.rvm/gems/ruby-2.1.0/specifications/rack-test-0.6.2.gemspec
I, [2014-02-14T10:40:07.997943 #17885]  INFO -- : 0:  xpath (2.0.0) from /Users/meganfolsom/.rvm/gems/ruby-2.1.0/specifications/xpath-2.0.0.gemspec
I, [2014-02-14T10:40:07.998239 #17885]  INFO -- : 0:  capybara (2.2.1) from /Users/meganfolsom/.rvm/gems/ruby-2.1.0/specifications/capybara-2.2.1.gemspec
I, [2014-02-14T10:40:07.998520 #17885]  INFO -- : 0:  diff-lcs (1.2.5) from /Users/meganfolsom/.rvm/gems/ruby-2.1.0/specifications/diff-lcs-1.2.5.gemspec
I, [2014-02-14T10:40:07.998808 #17885]  INFO -- : 0:  multi_json (1.8.4) from /Users/meganfolsom/.rvm/gems/ruby-2.1.0/specifications/multi_json-1.8.4.gemspec
I, [2014-02-14T10:40:07.999055 #17885]  INFO -- : 0:  gherkin (2.12.2) from /Users/meganfolsom/.rvm/gems/ruby-2.1.0/specifications/gherkin-2.12.2.gemspec
I, [2014-02-14T10:40:07.999323 #17885]  INFO -- : 0:  multi_test (0.0.3) from /Users/meganfolsom/.rvm/gems/ruby-2.1.0/specifications/multi_test-0.0.3.gemspec
I, [2014-02-14T10:40:07.999592 #17885]  INFO -- : 0:  cucumber (1.3.10) from /Users/meganfolsom/.rvm/gems/ruby-2.1.0/specifications/cucumber-1.3.10.gemspec
I, [2014-02-14T10:40:07.999860 #17885]  INFO -- : 0:  extlib (0.9.16) from /Users/meganfolsom/.rvm/gems/ruby-2.1.0/specifications/extlib-0.9.16.gemspec
I, [2014-02-14T10:40:08.000134 #17885]  INFO -- : 0:  highline (1.6.20) from /Users/meganfolsom/.rvm/gems/ruby-2.1.0/specifications/highline-1.6.20.gemspec
I, [2014-02-14T10:40:08.000403 #17885]  INFO -- : 0:  templater (1.0.0) from /Users/meganfolsom/.rvm/gems/ruby-2.1.0/specifications/templater-1.0.0.gemspec
I, [2014-02-14T10:40:08.000673 #17885]  INFO -- : 0:  cucumber-sinatra (0.5.0) from /Users/meganfolsom/.rvm/gems/ruby-2.1.0/specifications/cucumber-sinatra-0.5.0.gemspec
I, [2014-02-14T10:40:08.000991 #17885]  INFO -- : 0:  daemons (1.1.9) from /Users/meganfolsom/.rvm/gems/ruby-2.1.0/specifications/daemons-1.1.9.gemspec
I, [2014-02-14T10:40:10.980869 #17885]  INFO -- : 0:  data_objects (0.10.14) from /Users/meganfolsom/.rvm/gems/ruby-2.1.0/specifications/data_objects-0.10.14.gemspec
I, [2014-02-14T10:40:13.012378 #17885]  INFO -- : 0:  database_cleaner (1.2.0) from /Users/meganfolsom/.rvm/gems/ruby-2.1.0/specifications/database_cleaner-1.2.0.gemspec
I, [2014-02-14T10:40:16.149443 #17885]  INFO -- : 0:  dm-core (1.2.1) from /Users/meganfolsom/.rvm/gems/ruby-2.1.0/specifications/dm-core-1.2.1.gemspec
I, [2014-02-14T10:40:17.573016 #17885]  INFO -- : 0:  dm-aggregates (1.2.0) from /Users/meganfolsom/.rvm/gems/ruby-2.1.0/specifications/dm-aggregates-1.2.0.gemspec
I, [2014-02-14T10:40:20.013609 #17885]  INFO -- : 0:  dm-constraints (1.2.0) from /Users/meganfolsom/.rvm/gems/ruby-2.1.0/specifications/dm-constraints-1.2.0.gemspec
I, [2014-02-14T10:40:24.546999 #17885]  INFO -- : 0:  dm-migrations (1.2.0) from /Users/meganfolsom/.rvm/gems/ruby-2.1.0/specifications/dm-migrations-1.2.0.gemspec
I, [2014-02-14T10:40:26.615772 #17885]  INFO -- : 0:  fastercsv (1.5.5) from /Users/meganfolsom/.rvm/gems/ruby-2.1.0/specifications/fastercsv-1.5.5.gemspec
I, [2014-02-14T10:40:29.912757 #17885]  INFO -- : 0:  json (1.8.1) from /Users/meganfolsom/.rvm/gems/ruby-2.1.0/specifications/json-1.8.1.gemspec
I, [2014-02-14T10:40:34.462085 #17885]  INFO -- : 0:  json_pure (1.8.1) from /Users/meganfolsom/.rvm/gems/ruby-2.1.0/specifications/json_pure-1.8.1.gemspec
I, [2014-02-14T10:40:35.897512 #17885]  INFO -- : 0:  dm-serializer (1.2.2) from /Users/meganfolsom/.rvm/gems/ruby-2.1.0/specifications/dm-serializer-1.2.2.gemspec
I, [2014-02-14T10:40:37.149723 #17885]  INFO -- : 0:  dm-timestamps (1.2.0) from /Users/meganfolsom/.rvm/gems/ruby-2.1.0/specifications/dm-timestamps-1.2.0.gemspec
I, [2014-02-14T10:40:38.832078 #17885]  INFO -- : 0:  dm-transactions (1.2.0) from /Users/meganfolsom/.rvm/gems/ruby-2.1.0/specifications/dm-transactions-1.2.0.gemspec
I, [2014-02-14T10:40:40.570493 #17885]  INFO -- : 0:  stringex (1.5.1) from /Users/meganfolsom/.rvm/gems/ruby-2.1.0/specifications/stringex-1.5.1.gemspec
I, [2014-02-14T10:40:42.420675 #17885]  INFO -- : 0:  uuidtools (2.1.4) from /Users/meganfolsom/.rvm/gems/ruby-2.1.0/specifications/uuidtools-2.1.4.gemspec
I, [2014-02-14T10:40:43.811976 #17885]  INFO -- : 0:  dm-types (1.2.2) from /Users/meganfolsom/.rvm/gems/ruby-2.1.0/specifications/dm-types-1.2.2.gemspec
I, [2014-02-14T10:40:45.330907 #17885]  INFO -- : 0:  dm-validations (1.2.0) from /Users/meganfolsom/.rvm/gems/ruby-2.1.0/specifications/dm-validations-1.2.0.gemspec
I, [2014-02-14T10:40:46.533442 #17885]  INFO -- : 0:  datamapper (1.2.0) from /Users/meganfolsom/.rvm/gems/ruby-2.1.0/specifications/datamapper-1.2.0.gemspec
I, [2014-02-14T10:40:47.687338 #17885]  INFO -- : 0:  dm-do-adapter (1.2.0) from /Users/meganfolsom/.rvm/gems/ruby-2.1.0/specifications/dm-do-adapter-1.2.0.gemspec
I, [2014-02-14T10:40:51.071200 #17885]  INFO -- : 0:  do_postgres (0.10.14) from /Users/meganfolsom/.rvm/gems/ruby-2.1.0/specifications/do_postgres-0.10.14.gemspec
I, [2014-02-14T10:40:52.672814 #17885]  INFO -- : 0:  dm-postgres-adapter (1.2.0) from /Users/meganfolsom/.rvm/gems/ruby-2.1.0/specifications/dm-postgres-adapter-1.2.0.gemspec
I, [2014-02-14T10:40:52.673184 #17885]  INFO -- : 0:  eventmachine (1.0.3) from /Users/meganfolsom/.rvm/gems/ruby-2.1.0/specifications/eventmachine-1.0.3.gemspec
I, [2014-02-14T10:40:52.673482 #17885]  INFO -- : 0:  rack-flash3 (1.0.5) from /Users/meganfolsom/.rvm/gems/ruby-2.1.0/specifications/rack-flash3-1.0.5.gemspec
I, [2014-02-14T10:40:52.673771 #17885]  INFO -- : 0:  rack-protection (1.5.2) from /Users/meganfolsom/.rvm/gems/ruby-2.1.0/specifications/rack-protection-1.5.2.gemspec
I, [2014-02-14T10:40:52.674054 #17885]  INFO -- : 0:  rspec-core (2.14.7) from /Users/meganfolsom/.rvm/gems/ruby-2.1.0/specifications/rspec-core-2.14.7.gemspec
I, [2014-02-14T10:40:52.674345 #17885]  INFO -- : 0:  rspec-expectations (2.14.5) from /Users/meganfolsom/.rvm/gems/ruby-2.1.0/specifications/rspec-expectations-2.14.5.gemspec
I, [2014-02-14T10:40:52.674635 #17885]  INFO -- : 0:  rspec-mocks (2.14.5) from /Users/meganfolsom/.rvm/gems/ruby-2.1.0/specifications/rspec-mocks-2.14.5.gemspec
I, [2014-02-14T10:40:52.674918 #17885]  INFO -- : 0:  rspec (2.14.1) from /Users/meganfolsom/.rvm/gems/ruby-2.1.0/specifications/rspec-2.14.1.gemspec
I, [2014-02-14T10:40:52.675202 #17885]  INFO -- : 0:  tilt (1.4.1) from /Users/meganfolsom/.rvm/gems/ruby-2.1.0/specifications/tilt-1.4.1.gemspec
I, [2014-02-14T10:40:52.675486 #17885]  INFO -- : 0:  sinatra (1.4.4) from /Users/meganfolsom/.rvm/gems/ruby-2.1.0/specifications/sinatra-1.4.4.gemspec
I, [2014-02-14T10:40:52.675769 #17885]  INFO -- : 0:  thin (1.6.1) from /Users/meganfolsom/.rvm/gems/ruby-2.1.0/specifications/thin-1.6.1.gemspec
I, [2014-02-14T10:40:52.676046 #17885]  INFO -- : 0:  bundler (1.5.1) from /Users/meganfolsom/.rvm/gems/ruby-2.1.0@global/specifications/bundler-1.5.1.gemspec
